<?xml version="1.0" encoding="UTF-8"?>
<testng-results ignored="0" total="1" passed="1" failed="0" skipped="0">
  <reporter-output>
  </reporter-output>
  <suite started-at="2023-08-10T18:04:53 IST" name="Default suite" finished-at="2023-08-10T18:05:22 IST" duration-ms="28974">
    <groups>
    </groups>
    <test started-at="2023-08-10T18:04:53 IST" name="Default test" finished-at="2023-08-10T18:05:22 IST" duration-ms="28974">
      <class name="assignment.CalenderPage">
        <test-method signature="calender()[pri:0, instance:assignment.CalenderPage@13e3c1c7]" started-at="2023-08-10T18:04:53 IST" name="calender" finished-at="2023-08-10T18:05:22 IST" duration-ms="28610" status="PASS">
          <reporter-output>
          </reporter-output>
        </test-method> <!-- calender -->
      </class> <!-- assignment.CalenderPage -->
    </test> <!-- Default test -->
  </suite> <!-- Default suite -->
</testng-results>
